<?xml version="1.0" encoding="UTF-8"?>
<testsuite name="checkpoint.andela.db.DbWriterTest" tests="2" skipped="0" failures="0" errors="0" timestamp="2015-11-10T21:59:35" hostname="GRACE-PC" time="75.185">
  <properties/>
  <testcase name="testWriteBufferToDatabase" classname="checkpoint.andela.db.DbWriterTest" time="75.137"/>
  <testcase name="testModifyExistingField" classname="checkpoint.andela.db.DbWriterTest" time="0.047"/>
  <system-out><![CDATA[]]></system-out>
  <system-err><![CDATA[]]></system-err>
</testsuite>
