<?xml version="1.0" encoding="UTF-8"?>
<testsuite name="checkpoint.andela.db.DatabaseManagerTest" tests="8" skipped="0" failures="0" errors="0" timestamp="2015-11-10T21:59:34" hostname="GRACE-PC" time="1.153">
  <properties/>
  <testcase name="testDatabaseAlreadyExistWhenThereIsAnExistingDatabase" classname="checkpoint.andela.db.DatabaseManagerTest" time="0.327"/>
  <testcase name="testRemoveLastCharacter" classname="checkpoint.andela.db.DatabaseManagerTest" time="0.012"/>
  <testcase name="testCreateTable" classname="checkpoint.andela.db.DatabaseManagerTest" time="0.677"/>
  <testcase name="testEstablishConnection" classname="checkpoint.andela.db.DatabaseManagerTest" time="0.025"/>
  <testcase name="testDatabaseAlreadyExistWhenThereIsNoExistingDatabase" classname="checkpoint.andela.db.DatabaseManagerTest" time="0.037"/>
  <testcase name="testEscapeDoubleQuotes" classname="checkpoint.andela.db.DatabaseManagerTest" time="0.022"/>
  <testcase name="testGenerateInsertStatement" classname="checkpoint.andela.db.DatabaseManagerTest" time="0.019"/>
  <testcase name="testRunQuery" classname="checkpoint.andela.db.DatabaseManagerTest" time="0.029"/>
  <system-out><![CDATA[]]></system-out>
  <system-err><![CDATA[]]></system-err>
</testsuite>
